#
# There is insufficient memory for the Java Runtime Environment to continue.
# Native memory allocation (malloc) failed to allocate 280816 bytes for Chunk::new
# Possible reasons:
#   The system is out of physical RAM or swap space
#   The process is running with CompressedOops enabled, and the Java Heap may be blocking the growth of the native heap
# Possible solutions:
#   Reduce memory load on the system
#   Increase physical memory or swap space
#   Check if swap backing store is full
#   Decrease Java heap size (-Xmx/-Xms)
#   Decrease number of Java threads
#   Decrease Java thread stack sizes (-Xss)
#   Set larger code cache with -XX:ReservedCodeCacheSize=
#   JVM is running with Zero Based Compressed Oops mode in which the Java heap is
#     placed in the first 32GB address space. The Java Heap base address is the
#     maximum limit for the native heap growth. Please use -XX:HeapBaseMinAddress
#     to set the Java Heap base and to place the Java Heap above 32GB virtual address.
# This output file may be truncated or incomplete.
#
#  Out of Memory Error (arena.cpp:189), pid=27140, tid=8244
#
# JRE version: OpenJDK Runtime Environment Temurin-17.0.6+10 (17.0.6+10) (build 17.0.6+10)
# Java VM: OpenJDK 64-Bit Server VM Temurin-17.0.6+10 (17.0.6+10, mixed mode, tiered, compressed oops, compressed class ptrs, g1 gc, windows-amd64)
# No core dump will be written. Minidumps are not enabled by default on client versions of Windows
#

---------------  S U M M A R Y ------------

Command Line: -Dfile.encoding=UTF-8 -XX:+ShowCodeDetailsInExceptionMessages cespringwithangular.cespringwithangular.CespringwithangularApplication

Host: AMD Ryzen 7 5800H with Radeon Graphics         , 16 cores, 13G,  Windows 11 , 64 bit Build 22621 (10.0.22621.2070)
Time: Sat Aug 12 17:03:46 2023 Central European Daylight Time elapsed time: 3918.160354 seconds (0d 1h 5m 18s)

---------------  T H R E A D  ---------------

Current thread (0x0000021706c853e0):  JavaThread "C2 CompilerThread0" daemon [_thread_in_native, id=8244, stack(0x000000facd100000,0x000000facd200000)]


Current CompileTask:
C2:3918160 6761       4       org.apache.catalina.connector.Request::getAttribute (320 bytes)

Stack: [0x000000facd100000,0x000000facd200000]
Native frames: (J=compiled Java code, j=interpreted, Vv=VM code, C=native code)
V  [jvm.dll+0x67741a]
V  [jvm.dll+0x834434]
V  [jvm.dll+0x835bde]
V  [jvm.dll+0x836243]
V  [jvm.dll+0x2457b5]
V  [jvm.dll+0xabafc]
V  [jvm.dll+0xac0cc]
V  [jvm.dll+0x2ac94f]
V  [jvm.dll+0x57de47]
V  [jvm.dll+0x220812]
V  [jvm.dll+0x220bef]
V  [jvm.dll+0x21a445]
V  [jvm.dll+0x21790b]
V  [jvm.dll+0x1a3d0d]
V  [jvm.dll+0x22742a]
V  [jvm.dll+0x225565]
V  [jvm.dll+0x7ea2cb]
V  [jvm.dll+0x7e483a]
V  [jvm.dll+0x6762c5]
C  [ucrtbase.dll+0x29363]
C  [KERNEL32.DLL+0x126ad]
C  [ntdll.dll+0x5aa68]


---------------  P R O C E S S  ---------------

Threads class SMR info:
_java_thread_list=0x00000217085826a0, length=32, elements={
0x0000021706c1e9d0, 0x0000021706c44020, 0x0000021706c72120, 0x0000021706c72ae0,
0x0000021706c734a0, 0x0000021706c806a0, 0x0000021706c853e0, 0x0000021706c86d10,
0x0000021706c9a1a0, 0x0000021706dfb800, 0x0000021706e0c530, 0x000002170a48c3f0,
0x000002170c52ae30, 0x000002170a48b580, 0x000002170a48e5a0, 0x000002170a48abe0,
0x000002170a48cd90, 0x000002170a48d260, 0x000002170a48d730, 0x000002170a48dc00,
0x000002170c52c170, 0x000002170c52b7d0, 0x000002170c52cb10, 0x000002170c52c640,
0x000002170c52bca0, 0x000002170c52de50, 0x000002170c52d4b0, 0x000002170c52d980,
0x000002170c52a960, 0x0000021709dd7d30, 0x0000021706ffd9b0, 0x000002170a4980f0
}

Java Threads: ( => current thread )
  0x0000021706c1e9d0 JavaThread "Reference Handler" daemon [_thread_blocked, id=3348, stack(0x000000faccb00000,0x000000faccc00000)]
  0x0000021706c44020 JavaThread "Finalizer" daemon [_thread_blocked, id=38140, stack(0x000000faccc00000,0x000000faccd00000)]
  0x0000021706c72120 JavaThread "Signal Dispatcher" daemon [_thread_blocked, id=18196, stack(0x000000faccd00000,0x000000facce00000)]
  0x0000021706c72ae0 JavaThread "Attach Listener" daemon [_thread_blocked, id=20012, stack(0x000000facce00000,0x000000faccf00000)]
  0x0000021706c734a0 JavaThread "Service Thread" daemon [_thread_blocked, id=20544, stack(0x000000faccf00000,0x000000facd000000)]
  0x0000021706c806a0 JavaThread "Monitor Deflation Thread" daemon [_thread_blocked, id=20376, stack(0x000000facd000000,0x000000facd100000)]
=>0x0000021706c853e0 JavaThread "C2 CompilerThread0" daemon [_thread_in_native, id=8244, stack(0x000000facd100000,0x000000facd200000)]
  0x0000021706c86d10 JavaThread "C1 CompilerThread0" daemon [_thread_blocked, id=8472, stack(0x000000facd200000,0x000000facd300000)]
  0x0000021706c9a1a0 JavaThread "Sweeper thread" daemon [_thread_blocked, id=25000, stack(0x000000facd300000,0x000000facd400000)]
  0x0000021706dfb800 JavaThread "Notification Thread" daemon [_thread_blocked, id=36392, stack(0x000000facd500000,0x000000facd600000)]
  0x0000021706e0c530 JavaThread "Common-Cleaner" daemon [_thread_blocked, id=34912, stack(0x000000facd700000,0x000000facd800000)]
  0x000002170a48c3f0 JavaThread "Live Reload Server" daemon [_thread_in_native, id=32712, stack(0x000000facf100000,0x000000facf200000)]
  0x000002170c52ae30 JavaThread "DestroyJavaVM" [_thread_blocked, id=30648, stack(0x000000facc400000,0x000000facc500000)]
  0x000002170a48b580 JavaThread "Catalina-utility-1" [_thread_blocked, id=12860, stack(0x000000facee00000,0x000000facef00000)]
  0x000002170a48e5a0 JavaThread "Catalina-utility-2" [_thread_blocked, id=38908, stack(0x000000facef00000,0x000000facf000000)]
  0x000002170a48abe0 JavaThread "container-0" [_thread_blocked, id=33180, stack(0x000000facf000000,0x000000facf100000)]
  0x000002170a48cd90 JavaThread "File Watcher" daemon [_thread_blocked, id=37084, stack(0x000000facf200000,0x000000facf300000)]
  0x000002170a48d260 JavaThread "http-nio-8080-exec-1" daemon [_thread_blocked, id=31764, stack(0x000000facf300000,0x000000facf400000)]
  0x000002170a48d730 JavaThread "http-nio-8080-exec-2" daemon [_thread_blocked, id=16220, stack(0x000000facf400000,0x000000facf500000)]
  0x000002170a48dc00 JavaThread "http-nio-8080-exec-3" daemon [_thread_blocked, id=23136, stack(0x000000facf500000,0x000000facf600000)]
  0x000002170c52c170 JavaThread "http-nio-8080-exec-4" daemon [_thread_blocked, id=35652, stack(0x000000facf600000,0x000000facf700000)]
  0x000002170c52b7d0 JavaThread "http-nio-8080-exec-5" daemon [_thread_blocked, id=25016, stack(0x000000facf700000,0x000000facf800000)]
  0x000002170c52cb10 JavaThread "http-nio-8080-exec-6" daemon [_thread_blocked, id=13676, stack(0x000000facf800000,0x000000facf900000)]
  0x000002170c52c640 JavaThread "http-nio-8080-exec-7" daemon [_thread_blocked, id=18992, stack(0x000000facf900000,0x000000facfa00000)]
  0x000002170c52bca0 JavaThread "http-nio-8080-exec-8" daemon [_thread_blocked, id=24684, stack(0x000000facfa00000,0x000000facfb00000)]
  0x000002170c52de50 JavaThread "http-nio-8080-exec-9" daemon [_thread_blocked, id=23088, stack(0x000000facfb00000,0x000000facfc00000)]
  0x000002170c52d4b0 JavaThread "http-nio-8080-exec-10" daemon [_thread_blocked, id=10304, stack(0x000000facfc00000,0x000000facfd00000)]
  0x000002170c52d980 JavaThread "http-nio-8080-Poller" daemon [_thread_in_native, id=36372, stack(0x000000facfd00000,0x000000facfe00000)]
  0x000002170c52a960 JavaThread "http-nio-8080-Acceptor" daemon [_thread_in_native, id=28988, stack(0x000000facfe00000,0x000000facff00000)]
  0x0000021709dd7d30 JavaThread "C1 CompilerThread1" daemon [_thread_blocked, id=28160, stack(0x000000facc100000,0x000000facc200000)]
  0x0000021706ffd9b0 JavaThread "C1 CompilerThread2" daemon [_thread_blocked, id=30168, stack(0x000000facc200000,0x000000facc300000)]
  0x000002170a4980f0 JavaThread "C1 CompilerThread3" daemon [_thread_blocked, id=21956, stack(0x000000facc300000,0x000000facc400000)]

Other Threads:
  0x0000021706c15350 VMThread "VM Thread" [stack: 0x000000facca00000,0x000000faccb00000] [id=9516]
  0x0000021706e04d10 WatcherThread [stack: 0x000000facd600000,0x000000facd700000] [id=27992]
  0x0000021768013b40 GCTaskThread "GC Thread#0" [stack: 0x000000facc500000,0x000000facc600000] [id=26944]
  0x0000021708489dd0 GCTaskThread "GC Thread#1" [stack: 0x000000facdb00000,0x000000facdc00000] [id=16140]
  0x000002170848a080 GCTaskThread "GC Thread#2" [stack: 0x000000facdc00000,0x000000facdd00000] [id=35940]
  0x000002170848a330 GCTaskThread "GC Thread#3" [stack: 0x000000facdd00000,0x000000facde00000] [id=7420]
  0x000002170848a5e0 GCTaskThread "GC Thread#4" [stack: 0x000000facde00000,0x000000facdf00000] [id=10700]
  0x00000217076eaa90 GCTaskThread "GC Thread#5" [stack: 0x000000facdf00000,0x000000face000000] [id=18192]
  0x0000021708556dc0 GCTaskThread "GC Thread#6" [stack: 0x000000face300000,0x000000face400000] [id=35776]
  0x0000021708557b30 GCTaskThread "GC Thread#7" [stack: 0x000000face400000,0x000000face500000] [id=14844]
  0x0000021708557de0 GCTaskThread "GC Thread#8" [stack: 0x000000face500000,0x000000face600000] [id=3680]
  0x0000021708556860 GCTaskThread "GC Thread#9" [stack: 0x000000face600000,0x000000face700000] [id=20856]
  0x0000021708557320 GCTaskThread "GC Thread#10" [stack: 0x000000face100000,0x000000face200000] [id=38184]
  0x0000021708749f60 GCTaskThread "GC Thread#11" [stack: 0x000000facea00000,0x000000faceb00000] [id=28428]
  0x0000021708749cb0 GCTaskThread "GC Thread#12" [stack: 0x000000faceb00000,0x000000facec00000] [id=17856]
  0x0000021768024150 ConcurrentGCThread "G1 Main Marker" [stack: 0x000000facc600000,0x000000facc700000] [id=38888]
  0x0000021768024b60 ConcurrentGCThread "G1 Conc#0" [stack: 0x000000facc700000,0x000000facc800000] [id=25852]
  0x00000217085565b0 ConcurrentGCThread "G1 Conc#1" [stack: 0x000000face700000,0x000000face800000] [id=31752]
  0x00000217085575d0 ConcurrentGCThread "G1 Conc#2" [stack: 0x000000face800000,0x000000face900000] [id=38204]
  0x000002176806ea70 ConcurrentGCThread "G1 Refine#0" [stack: 0x000000facc800000,0x000000facc900000] [id=18648]
  0x000002170c21e5d0 ConcurrentGCThread "G1 Refine#1" [stack: 0x000000face000000,0x000000face100000] [id=3012]
  0x0000021706181550 ConcurrentGCThread "G1 Service" [stack: 0x000000facc900000,0x000000facca00000] [id=24916]

Threads with active compile tasks:
C2 CompilerThread0  3918187 6761       4       org.apache.catalina.connector.Request::getAttribute (320 bytes)

VM state: not at safepoint (normal execution)

VM Mutex/Monitor currently owned by a thread: None

Heap address: 0x0000000722400000, size: 3548 MB, Compressed Oops mode: Zero based, Oop shift amount: 3

CDS archive(s) not mapped
Compressed class space mapped at: 0x0000000800000000-0x0000000840000000, reserved size: 1073741824
Narrow klass base: 0x0000000800000000, Narrow klass shift: 0, Narrow klass range: 0x40000000

GC Precious Log:
 CPUs: 16 total, 16 available
 Memory: 14188M
 Large Page Support: Disabled
 NUMA Support: Disabled
 Compressed Oops: Enabled (Zero based)
 Heap Region Size: 2M
 Heap Min Capacity: 8M
 Heap Initial Capacity: 222M
 Heap Max Capacity: 3548M
 Pre-touch: Disabled
 Parallel Workers: 13
 Concurrent Workers: 3
 Concurrent Refinement Workers: 13
 Periodic GC: Disabled

Heap:
 garbage-first heap   total 49152K, used 29176K [0x0000000722400000, 0x0000000800000000)
  region size 2048K, 11 young (22528K), 2 survivors (4096K)
 Metaspace       used 41257K, committed 41728K, reserved 1089536K
  class space    used 4632K, committed 4864K, reserved 1048576K

Heap Regions: E=young(eden), S=young(survivor), O=old, HS=humongous(starts), HC=humongous(continues), CS=collection set, F=free, OA=open archive, CA=closed archive, TAMS=top-at-mark-start (previous, next)
|   0|0x0000000722400000, 0x00000007225ffff8, 0x0000000722600000| 99%| O|  |TAMS 0x00000007225ffff8, 0x0000000722400000| Untracked 
|   1|0x0000000722600000, 0x00000007227ffff8, 0x0000000722800000| 99%| O|  |TAMS 0x00000007227ffff8, 0x0000000722600000| Untracked 
|   2|0x0000000722800000, 0x00000007229ffff0, 0x0000000722a00000| 99%| O|  |TAMS 0x00000007229ffff0, 0x0000000722800000| Untracked 
|   3|0x0000000722a00000, 0x0000000722bfffd8, 0x0000000722c00000| 99%| O|  |TAMS 0x0000000722bfffd8, 0x0000000722a00000| Untracked 
|   4|0x0000000722c00000, 0x0000000722df8968, 0x0000000722e00000| 98%| O|  |TAMS 0x0000000722df8968, 0x0000000722c00000| Untracked 
|   5|0x0000000722e00000, 0x0000000722f51f60, 0x0000000723000000| 66%| O|  |TAMS 0x0000000722e00000, 0x0000000722e00000| Untracked 
|   6|0x0000000723000000, 0x0000000723113bf0, 0x0000000723200000| 53%| O|  |TAMS 0x0000000723000000, 0x0000000723000000| Untracked 
|   7|0x0000000723200000, 0x0000000723200000, 0x0000000723400000|  0%| F|  |TAMS 0x0000000723200000, 0x0000000723200000| Untracked 
|   8|0x0000000723400000, 0x0000000723400000, 0x0000000723600000|  0%| F|  |TAMS 0x0000000723400000, 0x0000000723400000| Untracked 
|   9|0x0000000723600000, 0x0000000723600000, 0x0000000723800000|  0%| F|  |TAMS 0x0000000723600000, 0x0000000723600000| Untracked 
|  10|0x0000000723800000, 0x0000000723800000, 0x0000000723a00000|  0%| F|  |TAMS 0x0000000723800000, 0x0000000723800000| Untracked 
|  11|0x0000000723a00000, 0x0000000723a00000, 0x0000000723c00000|  0%| F|  |TAMS 0x0000000723a00000, 0x0000000723a00000| Untracked 
|  12|0x0000000723c00000, 0x0000000723c1fc20, 0x0000000723e00000|  6%| S|CS|TAMS 0x0000000723c00000, 0x0000000723c00000| Complete 
|  13|0x0000000723e00000, 0x0000000724000000, 0x0000000724000000|100%| S|CS|TAMS 0x0000000723e00000, 0x0000000723e00000| Complete 
|  14|0x0000000724000000, 0x0000000724000000, 0x0000000724200000|  0%| F|  |TAMS 0x0000000724000000, 0x0000000724000000| Untracked 
|  15|0x0000000724200000, 0x000000072420abf8, 0x0000000724400000|  2%| E|  |TAMS 0x0000000724200000, 0x0000000724200000| Complete 
|  16|0x0000000724400000, 0x0000000724600000, 0x0000000724600000|100%| E|CS|TAMS 0x0000000724400000, 0x0000000724400000| Complete 
|  17|0x0000000724600000, 0x0000000724800000, 0x0000000724800000|100%| E|CS|TAMS 0x0000000724600000, 0x0000000724600000| Complete 
|  18|0x0000000724800000, 0x0000000724a00000, 0x0000000724a00000|100%| E|  |TAMS 0x0000000724800000, 0x0000000724800000| Complete 
|  19|0x0000000724a00000, 0x0000000724c00000, 0x0000000724c00000|100%| E|CS|TAMS 0x0000000724a00000, 0x0000000724a00000| Complete 
|  20|0x0000000724c00000, 0x0000000724e00000, 0x0000000724e00000|100%| E|CS|TAMS 0x0000000724c00000, 0x0000000724c00000| Complete 
|  21|0x0000000724e00000, 0x0000000725000000, 0x0000000725000000|100%| E|CS|TAMS 0x0000000724e00000, 0x0000000724e00000| Complete 
|  22|0x0000000725000000, 0x0000000725200000, 0x0000000725200000|100%| E|CS|TAMS 0x0000000725000000, 0x0000000725000000| Complete 
|  23|0x0000000725200000, 0x0000000725400000, 0x0000000725400000|100%| E|CS|TAMS 0x0000000725200000, 0x0000000725200000| Complete 

Card table byte_map: [0x000002177b5d0000,0x000002177bcc0000] _byte_map_base: 0x0000021777cbe000

Marking Bits (Prev, Next): (CMBitMap*) 0x0000021768015160, (CMBitMap*) 0x00000217680151a0
 Prev Bits: [0x000002177c3b0000, 0x000002177fb20000)
 Next Bits: [0x0000021700000000, 0x0000021703770000)

Polling page: 0x0000021765fa0000

Metaspace:

Usage:
  Non-class:     35.77 MB used.
      Class:      4.52 MB used.
       Both:     40.29 MB used.

Virtual space:
  Non-class space:       40.00 MB reserved,      36.00 MB ( 90%) committed,  5 nodes.
      Class space:        1.00 GB reserved,       4.75 MB ( <1%) committed,  1 nodes.
             Both:        1.04 GB reserved,      40.75 MB (  4%) committed. 

Chunk freelists:
   Non-Class:  3.41 MB
       Class:  3.27 MB
        Both:  6.68 MB

MaxMetaspaceSize: unlimited
CompressedClassSpaceSize: 1.00 GB
Initial GC threshold: 21.00 MB
Current GC threshold: 66.56 MB
CDS: off
MetaspaceReclaimPolicy: balanced
 - commit_granule_bytes: 65536.
 - commit_granule_words: 8192.
 - virtual_space_node_default_size: 1048576.
 - enlarge_chunks_in_place: 1.
 - new_chunks_are_fully_committed: 0.
 - uncommit_free_chunks: 1.
 - use_allocation_guard: 0.
 - handle_deallocations: 1.


Internal statistics:

num_allocs_failed_limit: 8.
num_arena_births: 646.
num_arena_deaths: 6.
num_vsnodes_births: 6.
num_vsnodes_deaths: 0.
num_space_committed: 652.
num_space_uncommitted: 0.
num_chunks_returned_to_freelist: 14.
num_chunks_taken_from_freelist: 1857.
num_chunk_merges: 8.
num_chunk_splits: 1224.
num_chunks_enlarged: 856.
num_purges: 6.
num_inconsistent_stats: 0.

CodeHeap 'non-profiled nmethods': size=119168Kb used=4110Kb max_used=4110Kb free=115057Kb
 bounds [0x0000021773200000, 0x0000021773610000, 0x000002177a660000]
CodeHeap 'profiled nmethods': size=119104Kb used=12460Kb max_used=12506Kb free=106643Kb
 bounds [0x000002176b660000, 0x000002176c2b0000, 0x0000021772ab0000]
CodeHeap 'non-nmethods': size=7488Kb used=2927Kb max_used=2978Kb free=4560Kb
 bounds [0x0000021772ab0000, 0x0000021772da0000, 0x0000021773200000]
 total_blobs=6482 nmethods=5932 adapters=459
 compilation: enabled
              stopped_count=0, restarted_count=0
 full_count=0

Compilation events (20 events):
Event: 3918.075 Thread 0x000002170a4980f0 nmethod 6753 0x000002176ba65910 code [0x000002176ba65ac0, 0x000002176ba65db8]
Event: 3918.103 Thread 0x0000021706c86d10 6754       3       com.fasterxml.jackson.databind.ObjectMapper::_assertNotNull (27 bytes)
Event: 3918.104 Thread 0x0000021706c86d10 nmethod 6754 0x000002176ba64790 code [0x000002176ba64a00, 0x000002176ba65558]
Event: 3918.122 Thread 0x0000021706c853e0 6755       4       java.nio.HeapByteBuffer::put (16 bytes)
Event: 3918.123 Thread 0x0000021706c853e0 nmethod 6755 0x0000021773603290 code [0x0000021773603400, 0x00000217736034f8]
Event: 3918.130 Thread 0x0000021706c853e0 6756       4       org.apache.tomcat.util.http.parser.Host$MessageBytesReader::mark (9 bytes)
Event: 3918.130 Thread 0x0000021706c853e0 nmethod 6756 0x0000021773603610 code [0x0000021773603780, 0x00000217736037f8]
Event: 3918.131 Thread 0x0000021706c86d10 6757       3       org.springframework.context.ApplicationEvent::<init> (13 bytes)
Event: 3918.131 Thread 0x000002170a4980f0 6758       3       org.springframework.context.event.SimpleApplicationEventMulticaster::multicastEvent (89 bytes)
Event: 3918.131 Thread 0x0000021706ffd9b0 6759       3       org.springframework.context.event.AbstractApplicationEventMulticaster::getApplicationListeners (159 bytes)
Event: 3918.131 Thread 0x0000021709dd7d30 6760       3       org.springframework.context.event.AbstractApplicationEventMulticaster$ListenerCacheKey::<init> (21 bytes)
Event: 3918.131 Thread 0x0000021709dd7d30 nmethod 6760 0x000002176ba99b90 code [0x000002176ba99d60, 0x000002176ba9a108]
Event: 3918.132 Thread 0x0000021706c86d10 nmethod 6757 0x000002176ba99510 code [0x000002176ba996e0, 0x000002176ba99a48]
Event: 3918.132 Thread 0x000002170a4980f0 nmethod 6758 0x000002176ba98790 code [0x000002176ba989c0, 0x000002176ba99298]
Event: 3918.133 Thread 0x0000021706ffd9b0 nmethod 6759 0x000002176ba97190 code [0x000002176ba97420, 0x000002176ba982f8]
Event: 3918.140 Thread 0x0000021706c853e0 6761       4       org.apache.catalina.connector.Request::getAttribute (320 bytes)
Event: 3918.152 Thread 0x0000021706c86d10 6762       3       org.apache.tomcat.util.threads.ThreadPoolExecutor$Worker::unlock (7 bytes)
Event: 3918.152 Thread 0x0000021706ffd9b0 6763       3       org.apache.tomcat.util.threads.ThreadPoolExecutor$Worker::tryRelease (12 bytes)
Event: 3918.152 Thread 0x0000021706ffd9b0 nmethod 6763 0x000002176b6e0b10 code [0x000002176b6e0ca0, 0x000002176b6e0e18]
Event: 3918.152 Thread 0x0000021706c86d10 nmethod 6762 0x000002176ba64190 code [0x000002176ba64340, 0x000002176ba645a8]

GC Heap History (20 events):
Event: 125.739 GC heap before
{Heap before GC invocations=11 (full 0):
 garbage-first heap   total 135168K, used 17187K [0x0000000722400000, 0x0000000800000000)
  region size 2048K, 3 young (6144K), 1 survivors (2048K)
 Metaspace       used 39292K, committed 39808K, reserved 1089536K
  class space    used 4589K, committed 4800K, reserved 1048576K
}
Event: 125.769 GC heap after
{Heap after GC invocations=12 (full 1):
 garbage-first heap   total 55296K, used 12688K [0x0000000722400000, 0x0000000800000000)
  region size 2048K, 0 young (0K), 0 survivors (0K)
 Metaspace       used 39292K, committed 39808K, reserved 1089536K
  class space    used 4589K, committed 4800K, reserved 1048576K
}
Event: 161.440 GC heap before
{Heap before GC invocations=12 (full 1):
 garbage-first heap   total 55296K, used 37264K [0x0000000722400000, 0x0000000800000000)
  region size 2048K, 12 young (24576K), 0 survivors (0K)
 Metaspace       used 39831K, committed 40256K, reserved 1089536K
  class space    used 4600K, committed 4800K, reserved 1048576K
}
Event: 161.443 GC heap after
{Heap after GC invocations=13 (full 1):
 garbage-first heap   total 55296K, used 14776K [0x0000000722400000, 0x0000000800000000)
  region size 2048K, 2 young (4096K), 2 survivors (4096K)
 Metaspace       used 39831K, committed 40256K, reserved 1089536K
  class space    used 4600K, committed 4800K, reserved 1048576K
}
Event: 308.123 GC heap before
{Heap before GC invocations=13 (full 1):
 garbage-first heap   total 55296K, used 16824K [0x0000000722400000, 0x0000000800000000)
  region size 2048K, 4 young (8192K), 2 survivors (4096K)
 Metaspace       used 39997K, committed 40512K, reserved 1089536K
  class space    used 4615K, committed 4864K, reserved 1048576K
}
Event: 308.182 GC heap after
{Heap after GC invocations=14 (full 2):
 garbage-first heap   total 49152K, used 12717K [0x0000000722400000, 0x0000000800000000)
  region size 2048K, 0 young (0K), 0 survivors (0K)
 Metaspace       used 39994K, committed 40512K, reserved 1089536K
  class space    used 4615K, committed 4864K, reserved 1048576K
}
Event: 308.808 GC heap before
{Heap before GC invocations=14 (full 2):
 garbage-first heap   total 49152K, used 33197K [0x0000000722400000, 0x0000000800000000)
  region size 2048K, 10 young (20480K), 0 survivors (0K)
 Metaspace       used 40196K, committed 40704K, reserved 1089536K
  class space    used 4619K, committed 4864K, reserved 1048576K
}
Event: 308.810 GC heap after
{Heap after GC invocations=15 (full 2):
 garbage-first heap   total 49152K, used 14827K [0x0000000722400000, 0x0000000800000000)
  region size 2048K, 2 young (4096K), 2 survivors (4096K)
 Metaspace       used 40196K, committed 40704K, reserved 1089536K
  class space    used 4619K, committed 4864K, reserved 1048576K
}
Event: 324.391 GC heap before
{Heap before GC invocations=15 (full 2):
 garbage-first heap   total 49152K, used 16875K [0x0000000722400000, 0x0000000800000000)
  region size 2048K, 4 young (8192K), 2 survivors (4096K)
 Metaspace       used 40332K, committed 40896K, reserved 1089536K
  class space    used 4620K, committed 4864K, reserved 1048576K
}
Event: 324.446 GC heap after
{Heap after GC invocations=16 (full 3):
 garbage-first heap   total 49152K, used 12751K [0x0000000722400000, 0x0000000800000000)
  region size 2048K, 0 young (0K), 0 survivors (0K)
 Metaspace       used 40329K, committed 40896K, reserved 1089536K
  class space    used 4619K, committed 4864K, reserved 1048576K
}
Event: 324.989 GC heap before
{Heap before GC invocations=16 (full 3):
 garbage-first heap   total 49152K, used 33231K [0x0000000722400000, 0x0000000800000000)
  region size 2048K, 10 young (20480K), 0 survivors (0K)
 Metaspace       used 40517K, committed 41024K, reserved 1089536K
  class space    used 4626K, committed 4864K, reserved 1048576K
}
Event: 324.991 GC heap after
{Heap after GC invocations=17 (full 3):
 garbage-first heap   total 49152K, used 14928K [0x0000000722400000, 0x0000000800000000)
  region size 2048K, 2 young (4096K), 2 survivors (4096K)
 Metaspace       used 40517K, committed 41024K, reserved 1089536K
  class space    used 4626K, committed 4864K, reserved 1048576K
}
Event: 352.635 GC heap before
{Heap before GC invocations=17 (full 3):
 garbage-first heap   total 49152K, used 16976K [0x0000000722400000, 0x0000000800000000)
  region size 2048K, 4 young (8192K), 2 survivors (4096K)
 Metaspace       used 40559K, committed 41024K, reserved 1089536K
  class space    used 4626K, committed 4864K, reserved 1048576K
}
Event: 352.684 GC heap after
{Heap after GC invocations=18 (full 4):
 garbage-first heap   total 49152K, used 12665K [0x0000000722400000, 0x0000000800000000)
  region size 2048K, 0 young (0K), 0 survivors (0K)
 Metaspace       used 40556K, committed 41024K, reserved 1089536K
  class space    used 4626K, committed 4864K, reserved 1048576K
}
Event: 353.217 GC heap before
{Heap before GC invocations=18 (full 4):
 garbage-first heap   total 49152K, used 33145K [0x0000000722400000, 0x0000000800000000)
  region size 2048K, 10 young (20480K), 0 survivors (0K)
 Metaspace       used 40671K, committed 41152K, reserved 1089536K
  class space    used 4628K, committed 4864K, reserved 1048576K
}
Event: 353.220 GC heap after
{Heap after GC invocations=19 (full 4):
 garbage-first heap   total 49152K, used 14844K [0x0000000722400000, 0x0000000800000000)
  region size 2048K, 2 young (4096K), 2 survivors (4096K)
 Metaspace       used 40671K, committed 41152K, reserved 1089536K
  class space    used 4628K, committed 4864K, reserved 1048576K
}
Event: 1563.440 GC heap before
{Heap before GC invocations=19 (full 4):
 garbage-first heap   total 49152K, used 33276K [0x0000000722400000, 0x0000000800000000)
  region size 2048K, 11 young (22528K), 2 survivors (4096K)
 Metaspace       used 40731K, committed 41216K, reserved 1089536K
  class space    used 4630K, committed 4864K, reserved 1048576K
}
Event: 1563.442 GC heap after
{Heap after GC invocations=20 (full 4):
 garbage-first heap   total 49152K, used 14752K [0x0000000722400000, 0x0000000800000000)
  region size 2048K, 2 young (4096K), 2 survivors (4096K)
 Metaspace       used 40731K, committed 41216K, reserved 1089536K
  class space    used 4630K, committed 4864K, reserved 1048576K
}
Event: 2978.009 GC heap before
{Heap before GC invocations=20 (full 4):
 garbage-first heap   total 49152K, used 33184K [0x0000000722400000, 0x0000000800000000)
  region size 2048K, 11 young (22528K), 2 survivors (4096K)
 Metaspace       used 40773K, committed 41280K, reserved 1089536K
  class space    used 4630K, committed 4864K, reserved 1048576K
}
Event: 2978.010 GC heap after
{Heap after GC invocations=21 (full 4):
 garbage-first heap   total 49152K, used 14840K [0x0000000722400000, 0x0000000800000000)
  region size 2048K, 2 young (4096K), 2 survivors (4096K)
 Metaspace       used 40773K, committed 41280K, reserved 1089536K
  class space    used 4630K, committed 4864K, reserved 1048576K
}

Dll operation events (8 events):
Event: 0.181 Loaded shared library C:\Users\Truth\Downloads\eclipse-jee-2023-03-R-win32-x86_64\eclipse\plugins\org.eclipse.justj.openjdk.hotspot.jre.full.win32.x86_64_17.0.6.v20230204-1729\jre\bin\java.dll
Event: 0.581 Loaded shared library C:\Users\Truth\Downloads\eclipse-jee-2023-03-R-win32-x86_64\eclipse\plugins\org.eclipse.justj.openjdk.hotspot.jre.full.win32.x86_64_17.0.6.v20230204-1729\jre\bin\net.dll
Event: 0.647 Loaded shared library C:\Users\Truth\Downloads\eclipse-jee-2023-03-R-win32-x86_64\eclipse\plugins\org.eclipse.justj.openjdk.hotspot.jre.full.win32.x86_64_17.0.6.v20230204-1729\jre\bin\nio.dll
Event: 0.663 Loaded shared library C:\Users\Truth\Downloads\eclipse-jee-2023-03-R-win32-x86_64\eclipse\plugins\org.eclipse.justj.openjdk.hotspot.jre.full.win32.x86_64_17.0.6.v20230204-1729\jre\bin\zip.dll
Event: 0.872 Loaded shared library C:\Users\Truth\Downloads\eclipse-jee-2023-03-R-win32-x86_64\eclipse\plugins\org.eclipse.justj.openjdk.hotspot.jre.full.win32.x86_64_17.0.6.v20230204-1729\jre\bin\jimage.dll
Event: 1.646 Loaded shared library C:\Users\Truth\Downloads\eclipse-jee-2023-03-R-win32-x86_64\eclipse\plugins\org.eclipse.justj.openjdk.hotspot.jre.full.win32.x86_64_17.0.6.v20230204-1729\jre\bin\management.dll
Event: 1.699 Loaded shared library C:\Users\Truth\Downloads\eclipse-jee-2023-03-R-win32-x86_64\eclipse\plugins\org.eclipse.justj.openjdk.hotspot.jre.full.win32.x86_64_17.0.6.v20230204-1729\jre\bin\management_ext.dll
Event: 5.437 Loaded shared library C:\Users\Truth\Downloads\eclipse-jee-2023-03-R-win32-x86_64\eclipse\plugins\org.eclipse.justj.openjdk.hotspot.jre.full.win32.x86_64_17.0.6.v20230204-1729\jre\bin\sunmscapi.dll

Deoptimization events (20 events):
Event: 3333.378 Thread 0x000002170a48e5a0 Uncommon trap: trap_request=0xffffffd6 fr.pc=0x00000217732b8888 relative=0x0000000000000468
Event: 3333.378 Thread 0x000002170a48e5a0 Uncommon trap: reason=array_check action=maybe_recompile pc=0x00000217732b8888 method=java.util.HashMap.valuesToArray([Ljava/lang/Object;)[Ljava/lang/Object; @ 62 c2
Event: 3333.378 Thread 0x000002170a48e5a0 DEOPT PACKING pc=0x00000217732b8888 sp=0x000000faceffefb0
Event: 3333.378 Thread 0x000002170a48e5a0 DEOPT UNPACKING pc=0x0000021772b069a3 sp=0x000000faceffef38 mode 2
Event: 3333.378 Thread 0x000002170a48e5a0 Uncommon trap: trap_request=0xffffffd6 fr.pc=0x00000217732b8888 relative=0x0000000000000468
Event: 3333.378 Thread 0x000002170a48e5a0 Uncommon trap: reason=array_check action=maybe_recompile pc=0x00000217732b8888 method=java.util.HashMap.valuesToArray([Ljava/lang/Object;)[Ljava/lang/Object; @ 62 c2
Event: 3333.378 Thread 0x000002170a48e5a0 DEOPT PACKING pc=0x00000217732b8888 sp=0x000000faceffeed0
Event: 3333.378 Thread 0x000002170a48e5a0 DEOPT UNPACKING pc=0x0000021772b069a3 sp=0x000000faceffee58 mode 2
Event: 3343.380 Thread 0x000002170a48b580 Uncommon trap: trap_request=0xffffffd6 fr.pc=0x00000217732b8888 relative=0x0000000000000468
Event: 3343.380 Thread 0x000002170a48b580 Uncommon trap: reason=array_check action=maybe_recompile pc=0x00000217732b8888 method=java.util.HashMap.valuesToArray([Ljava/lang/Object;)[Ljava/lang/Object; @ 62 c2
Event: 3343.380 Thread 0x000002170a48b580 DEOPT PACKING pc=0x00000217732b8888 sp=0x000000faceefed90
Event: 3343.380 Thread 0x000002170a48b580 DEOPT UNPACKING pc=0x0000021772b069a3 sp=0x000000faceefed18 mode 2
Event: 3916.661 Thread 0x000002170c52b7d0 Uncommon trap: trap_request=0xffffff45 fr.pc=0x000002177325a784 relative=0x0000000000000084
Event: 3916.661 Thread 0x000002170c52b7d0 Uncommon trap: reason=unstable_if action=reinterpret pc=0x000002177325a784 method=java.lang.CharacterDataLatin1.isWhitespace(I)Z @ 14 c2
Event: 3916.661 Thread 0x000002170c52b7d0 DEOPT PACKING pc=0x000002177325a784 sp=0x000000facf7fd360
Event: 3916.661 Thread 0x000002170c52b7d0 DEOPT UNPACKING pc=0x0000021772b069a3 sp=0x000000facf7fd2d0 mode 2
Event: 3917.548 Thread 0x000002170c52d980 Uncommon trap: trap_request=0xffffff45 fr.pc=0x000002177323dce0 relative=0x00000000000003e0
Event: 3917.548 Thread 0x000002170c52d980 Uncommon trap: reason=unstable_if action=reinterpret pc=0x000002177323dce0 method=org.apache.tomcat.util.collections.SynchronizedQueue.size()I @ 11 c2
Event: 3917.548 Thread 0x000002170c52d980 DEOPT PACKING pc=0x000002177323dce0 sp=0x000000facfdfeef0
Event: 3917.548 Thread 0x000002170c52d980 DEOPT UNPACKING pc=0x0000021772b069a3 sp=0x000000facfdfee08 mode 2

Classes unloaded (3 events):
Event: 308.140 Thread 0x0000021706c15350 Unloading class 0x00000008004adc00 'org/apache/catalina/loader/JdbcLeakPrevention'
Event: 324.411 Thread 0x0000021706c15350 Unloading class 0x00000008004b4000 'org/apache/catalina/loader/JdbcLeakPrevention'
Event: 352.653 Thread 0x0000021706c15350 Unloading class 0x00000008004b6800 'org/apache/catalina/loader/JdbcLeakPrevention'

Classes redefined (0 events):
No events

Internal exceptions (20 events):
Event: 324.464 Thread 0x000002170c52cb10 Exception <a 'sun/nio/fs/WindowsException'{0x00000007252783b8}> (0x00000007252783b8) 
thrown [s\src\hotspot\share\prims\jni.cpp, line 516]
Event: 324.511 Thread 0x000002170c52cb10 Implicit null exception at 0x00000217734e2648 to 0x00000217734e3a68
Event: 324.514 Thread 0x000002170c52cb10 Implicit null exception at 0x00000217734fed69 to 0x00000217734fee00
Event: 324.799 Thread 0x000002170c52cb10 Exception <a 'java/lang/NoClassDefFoundError'{0x0000000724756008}: org/flywaydb/core/Flyway> (0x0000000724756008) 
thrown [s\src\hotspot\share\oops\constantPool.cpp, line 835]
Event: 324.799 Thread 0x000002170c52cb10 Exception <a 'java/lang/NoClassDefFoundError'{0x0000000724756658}: liquibase/integration/spring/SpringLiquibase> (0x0000000724756658) 
thrown [s\src\hotspot\share\oops\constantPool.cpp, line 835]
Event: 324.857 Thread 0x000002170c52cb10 Exception <a 'sun/nio/fs/WindowsException'{0x000000072426ce18}> (0x000000072426ce18) 
thrown [s\src\hotspot\share\prims\jni.cpp, line 516]
Event: 324.857 Thread 0x000002170c52cb10 Exception <a 'sun/nio/fs/WindowsException'{0x000000072426d480}> (0x000000072426d480) 
thrown [s\src\hotspot\share\prims\jni.cpp, line 516]
Event: 324.858 Thread 0x000002170c52cb10 Exception <a 'sun/nio/fs/WindowsException'{0x000000072426db58}> (0x000000072426db58) 
thrown [s\src\hotspot\share\prims\jni.cpp, line 516]
Event: 324.875 Thread 0x000002170c52cb10 Exception <a 'java/io/FileNotFoundException'{0x00000007242906d0}> (0x00000007242906d0) 
thrown [s\src\hotspot\share\prims\jni.cpp, line 516]
Event: 324.899 Thread 0x000002170c52cb10 Exception <a 'java/io/FileNotFoundException'{0x000000072433dff8}> (0x000000072433dff8) 
thrown [s\src\hotspot\share\prims\jni.cpp, line 516]
Event: 352.633 Thread 0x000002170c52de50 Exception <a 'java/lang/InterruptedException'{0x0000000725125800}: sleep interrupted> (0x0000000725125800) 
thrown [s\src\hotspot\share\prims\jvm.cpp, line 3070]
Event: 352.701 Thread 0x000002170a48b0b0 Exception <a 'sun/nio/fs/WindowsException'{0x000000072527e3b0}> (0x000000072527e3b0) 
thrown [s\src\hotspot\share\prims\jni.cpp, line 516]
Event: 353.020 Thread 0x000002170a48b0b0 Exception <a 'java/lang/NoClassDefFoundError'{0x000000072475e7f8}: org/flywaydb/core/Flyway> (0x000000072475e7f8) 
thrown [s\src\hotspot\share\oops\constantPool.cpp, line 835]
Event: 353.020 Thread 0x000002170a48b0b0 Exception <a 'java/lang/NoClassDefFoundError'{0x000000072475ee48}: liquibase/integration/spring/SpringLiquibase> (0x000000072475ee48) 
thrown [s\src\hotspot\share\oops\constantPool.cpp, line 835]
Event: 353.076 Thread 0x000002170a48b0b0 Exception <a 'sun/nio/fs/WindowsException'{0x00000007242734c0}> (0x00000007242734c0) 
thrown [s\src\hotspot\share\prims\jni.cpp, line 516]
Event: 353.077 Thread 0x000002170a48b0b0 Exception <a 'sun/nio/fs/WindowsException'{0x0000000724273b28}> (0x0000000724273b28) 
thrown [s\src\hotspot\share\prims\jni.cpp, line 516]
Event: 353.077 Thread 0x000002170a48b0b0 Exception <a 'sun/nio/fs/WindowsException'{0x0000000724274200}> (0x0000000724274200) 
thrown [s\src\hotspot\share\prims\jni.cpp, line 516]
Event: 353.094 Thread 0x000002170a48b0b0 Exception <a 'java/io/FileNotFoundException'{0x0000000724296d78}> (0x0000000724296d78) 
thrown [s\src\hotspot\share\prims\jni.cpp, line 516]
Event: 353.117 Thread 0x000002170a48b0b0 Exception <a 'java/io/FileNotFoundException'{0x0000000724345980}> (0x0000000724345980) 
thrown [s\src\hotspot\share\prims\jni.cpp, line 516]
Event: 3917.351 Thread 0x000002170c52b7d0 Exception <a 'java/net/SocketException'{0x000000072442bab0}: Connection reset by peer: shutdown> (0x000000072442bab0) 
thrown [s\src\hotspot\share\prims\jni.cpp, line 535]

VM Operations (20 events):
Event: 2911.286 Executing VM operation: Cleanup
Event: 2911.286 Executing VM operation: Cleanup done
Event: 2978.009 Executing VM operation: G1CollectForAllocation
Event: 2978.010 Executing VM operation: G1CollectForAllocation done
Event: 3054.045 Executing VM operation: Cleanup
Event: 3054.045 Executing VM operation: Cleanup done
Event: 3254.153 Executing VM operation: Cleanup
Event: 3254.153 Executing VM operation: Cleanup done
Event: 3264.159 Executing VM operation: Cleanup
Event: 3264.159 Executing VM operation: Cleanup done
Event: 3334.198 Executing VM operation: Cleanup
Event: 3334.199 Executing VM operation: Cleanup done
Event: 3344.204 Executing VM operation: Cleanup
Event: 3344.204 Executing VM operation: Cleanup done
Event: 3454.262 Executing VM operation: Cleanup
Event: 3454.263 Executing VM operation: Cleanup done
Event: 3500.289 Executing VM operation: Cleanup
Event: 3500.289 Executing VM operation: Cleanup done
Event: 3917.502 Executing VM operation: Cleanup
Event: 3917.502 Executing VM operation: Cleanup done

Events (20 events):
Event: 353.263 Thread 0x000002170c52c170 Thread added: 0x000002170c52c170
Event: 353.263 Thread 0x000002170c52b7d0 Thread added: 0x000002170c52b7d0
Event: 353.263 Thread 0x000002170c52cb10 Thread added: 0x000002170c52cb10
Event: 353.264 Thread 0x000002170c52c640 Thread added: 0x000002170c52c640
Event: 353.264 Thread 0x000002170c52bca0 Thread added: 0x000002170c52bca0
Event: 353.264 Thread 0x000002170c52de50 Thread added: 0x000002170c52de50
Event: 353.264 Thread 0x000002170c52d4b0 Thread added: 0x000002170c52d4b0
Event: 353.269 Thread 0x000002170c52d980 Thread added: 0x000002170c52d980
Event: 353.269 Thread 0x000002170c52a960 Thread added: 0x000002170c52a960
Event: 353.277 Thread 0x000002170a48b0b0 Thread exited: 0x000002170a48b0b0
Event: 353.277 Thread 0x000002170a48ba50 Thread exited: 0x000002170a48ba50
Event: 355.274 Thread 0x000002170cb2c4d0 Thread exited: 0x000002170cb2c4d0
Event: 355.274 Thread 0x000002170cd25aa0 Thread exited: 0x000002170cd25aa0
Event: 355.274 Thread 0x000002170a8758b0 Thread exited: 0x000002170a8758b0
Event: 355.274 Thread 0x000002170a4980f0 Thread exited: 0x000002170a4980f0
Event: 355.275 Thread 0x0000021706ffd9b0 Thread exited: 0x0000021706ffd9b0
Event: 360.292 Thread 0x000002170cb2ca50 Thread exited: 0x000002170cb2ca50
Event: 3916.748 Thread 0x0000021709dd7d30 Thread added: 0x0000021709dd7d30
Event: 3917.495 Thread 0x0000021706ffd9b0 Thread added: 0x0000021706ffd9b0
Event: 3917.495 Thread 0x000002170a4980f0 Thread added: 0x000002170a4980f0


Dynamic libraries:
0x00007ff74e960000 - 0x00007ff74e96e000 	C:\Users\Truth\Downloads\eclipse-jee-2023-03-R-win32-x86_64\eclipse\plugins\org.eclipse.justj.openjdk.hotspot.jre.full.win32.x86_64_17.0.6.v20230204-1729\jre\bin\javaw.exe
0x00007fffd11f0000 - 0x00007fffd1404000 	C:\WINDOWS\SYSTEM32\ntdll.dll
0x00007fffcff00000 - 0x00007fffcffc4000 	C:\WINDOWS\System32\KERNEL32.DLL
0x00007fffcea70000 - 0x00007fffcee14000 	C:\WINDOWS\System32\KERNELBASE.dll
0x00007fffce7c0000 - 0x00007fffce8d1000 	C:\WINDOWS\System32\ucrtbase.dll
0x00007fffbea60000 - 0x00007fffbea77000 	C:\Users\Truth\Downloads\eclipse-jee-2023-03-R-win32-x86_64\eclipse\plugins\org.eclipse.justj.openjdk.hotspot.jre.full.win32.x86_64_17.0.6.v20230204-1729\jre\bin\jli.dll
0x00007fffd1000000 - 0x00007fffd11aa000 	C:\WINDOWS\System32\USER32.dll
0x00007fffaf920000 - 0x00007fffafbaf000 	C:\WINDOWS\WinSxS\amd64_microsoft.windows.common-controls_6595b64144ccf1df_6.0.22621.2070_none_2713e6537381f706\COMCTL32.dll
0x00007fffce9a0000 - 0x00007fffce9c6000 	C:\WINDOWS\System32\win32u.dll
0x00007fffd09e0000 - 0x00007fffd0a87000 	C:\WINDOWS\System32\msvcrt.dll
0x00007fffcefb0000 - 0x00007fffcefd9000 	C:\WINDOWS\System32\GDI32.dll
0x00007fffcee90000 - 0x00007fffcefa9000 	C:\WINDOWS\System32\gdi32full.dll
0x00007fffce9d0000 - 0x00007fffcea6a000 	C:\WINDOWS\System32\msvcp_win.dll
0x00007fffb7d50000 - 0x00007fffb7d69000 	C:\Users\Truth\Downloads\eclipse-jee-2023-03-R-win32-x86_64\eclipse\plugins\org.eclipse.justj.openjdk.hotspot.jre.full.win32.x86_64_17.0.6.v20230204-1729\jre\bin\VCRUNTIME140.dll
0x00007fffcfbb0000 - 0x00007fffcfbe1000 	C:\WINDOWS\System32\IMM32.DLL
0x00007fffc6b30000 - 0x00007fffc6b3c000 	C:\Users\Truth\Downloads\eclipse-jee-2023-03-R-win32-x86_64\eclipse\plugins\org.eclipse.justj.openjdk.hotspot.jre.full.win32.x86_64_17.0.6.v20230204-1729\jre\bin\vcruntime140_1.dll
0x00007fffb2f60000 - 0x00007fffb2ff1000 	C:\Users\Truth\Downloads\eclipse-jee-2023-03-R-win32-x86_64\eclipse\plugins\org.eclipse.justj.openjdk.hotspot.jre.full.win32.x86_64_17.0.6.v20230204-1729\jre\bin\msvcp140.dll
0x00007fff18870000 - 0x00007fff194b7000 	C:\Users\Truth\Downloads\eclipse-jee-2023-03-R-win32-x86_64\eclipse\plugins\org.eclipse.justj.openjdk.hotspot.jre.full.win32.x86_64_17.0.6.v20230204-1729\jre\bin\server\jvm.dll
0x00007fffd0c90000 - 0x00007fffd0d40000 	C:\WINDOWS\System32\ADVAPI32.dll
0x00007fffd0e50000 - 0x00007fffd0ef6000 	C:\WINDOWS\System32\sechost.dll
0x00007fffd0a90000 - 0x00007fffd0ba7000 	C:\WINDOWS\System32\RPCRT4.dll
0x00007fffc6850000 - 0x00007fffc6884000 	C:\WINDOWS\SYSTEM32\WINMM.dll
0x00007fffc7760000 - 0x00007fffc776a000 	C:\WINDOWS\SYSTEM32\VERSION.dll
0x00007fffc6a60000 - 0x00007fffc6a69000 	C:\WINDOWS\SYSTEM32\WSOCK32.dll
0x00007fffcf5c0000 - 0x00007fffcf631000 	C:\WINDOWS\System32\WS2_32.dll
0x00007fffcd670000 - 0x00007fffcd688000 	C:\WINDOWS\SYSTEM32\kernel.appcore.dll
0x00007fffc6aa0000 - 0x00007fffc6aaa000 	C:\Users\Truth\Downloads\eclipse-jee-2023-03-R-win32-x86_64\eclipse\plugins\org.eclipse.justj.openjdk.hotspot.jre.full.win32.x86_64_17.0.6.v20230204-1729\jre\bin\jimage.dll
0x00007fffcbca0000 - 0x00007fffcbece000 	C:\WINDOWS\SYSTEM32\DBGHELP.DLL
0x00007fffcf820000 - 0x00007fffcfbaa000 	C:\WINDOWS\System32\combase.dll
0x00007fffcffd0000 - 0x00007fffd00a7000 	C:\WINDOWS\System32\OLEAUT32.dll
0x00007fffbf390000 - 0x00007fffbf3c2000 	C:\WINDOWS\SYSTEM32\dbgcore.DLL
0x00007fffce5d0000 - 0x00007fffce64a000 	C:\WINDOWS\System32\bcryptPrimitives.dll
0x00007fffb75e0000 - 0x00007fffb7605000 	C:\Users\Truth\Downloads\eclipse-jee-2023-03-R-win32-x86_64\eclipse\plugins\org.eclipse.justj.openjdk.hotspot.jre.full.win32.x86_64_17.0.6.v20230204-1729\jre\bin\java.dll
0x00007fffb79c0000 - 0x00007fffb79d8000 	C:\Users\Truth\Downloads\eclipse-jee-2023-03-R-win32-x86_64\eclipse\plugins\org.eclipse.justj.openjdk.hotspot.jre.full.win32.x86_64_17.0.6.v20230204-1729\jre\bin\zip.dll
0x00007fffd01c0000 - 0x00007fffd09d6000 	C:\WINDOWS\System32\SHELL32.dll
0x00007fffcc560000 - 0x00007fffcce4a000 	C:\WINDOWS\SYSTEM32\windows.storage.dll
0x00007fffcc420000 - 0x00007fffcc55e000 	C:\WINDOWS\SYSTEM32\wintypes.dll
0x00007fffd0f00000 - 0x00007fffd0ff3000 	C:\WINDOWS\System32\SHCORE.dll
0x00007fffd0c30000 - 0x00007fffd0c8e000 	C:\WINDOWS\System32\shlwapi.dll
0x00007fffce500000 - 0x00007fffce526000 	C:\WINDOWS\SYSTEM32\profapi.dll
0x00007fffb74e0000 - 0x00007fffb74f9000 	C:\Users\Truth\Downloads\eclipse-jee-2023-03-R-win32-x86_64\eclipse\plugins\org.eclipse.justj.openjdk.hotspot.jre.full.win32.x86_64_17.0.6.v20230204-1729\jre\bin\net.dll
0x00007fffc7bc0000 - 0x00007fffc7cf7000 	C:\WINDOWS\SYSTEM32\WINHTTP.dll
0x00007fffcdb30000 - 0x00007fffcdb99000 	C:\WINDOWS\system32\mswsock.dll
0x00007fffb6e40000 - 0x00007fffb6e55000 	C:\Users\Truth\Downloads\eclipse-jee-2023-03-R-win32-x86_64\eclipse\plugins\org.eclipse.justj.openjdk.hotspot.jre.full.win32.x86_64_17.0.6.v20230204-1729\jre\bin\nio.dll
0x00007fffc5190000 - 0x00007fffc5199000 	C:\Users\Truth\Downloads\eclipse-jee-2023-03-R-win32-x86_64\eclipse\plugins\org.eclipse.justj.openjdk.hotspot.jre.full.win32.x86_64_17.0.6.v20230204-1729\jre\bin\management.dll
0x00007fffc5160000 - 0x00007fffc516b000 	C:\Users\Truth\Downloads\eclipse-jee-2023-03-R-win32-x86_64\eclipse\plugins\org.eclipse.justj.openjdk.hotspot.jre.full.win32.x86_64_17.0.6.v20230204-1729\jre\bin\management_ext.dll
0x00007fffcf670000 - 0x00007fffcf678000 	C:\WINDOWS\System32\PSAPI.DLL
0x00007fffcde50000 - 0x00007fffcde6b000 	C:\WINDOWS\SYSTEM32\CRYPTSP.dll
0x00007fffcd630000 - 0x00007fffcd665000 	C:\WINDOWS\system32\rsaenh.dll
0x00007fffcdbd0000 - 0x00007fffcdbfc000 	C:\WINDOWS\SYSTEM32\USERENV.dll
0x00007fffcdf90000 - 0x00007fffcdfb8000 	C:\WINDOWS\SYSTEM32\bcrypt.dll
0x00007fffcde30000 - 0x00007fffcde3c000 	C:\WINDOWS\SYSTEM32\CRYPTBASE.dll
0x00007fffcd120000 - 0x00007fffcd14d000 	C:\WINDOWS\SYSTEM32\IPHLPAPI.DLL
0x00007fffcf660000 - 0x00007fffcf669000 	C:\WINDOWS\System32\NSI.dll
0x00007fffc7940000 - 0x00007fffc7959000 	C:\WINDOWS\SYSTEM32\dhcpcsvc6.DLL
0x00007fffc7920000 - 0x00007fffc793f000 	C:\WINDOWS\SYSTEM32\dhcpcsvc.DLL
0x00007fffcd190000 - 0x00007fffcd283000 	C:\WINDOWS\SYSTEM32\DNSAPI.dll
0x00007fffb7fa0000 - 0x00007fffb7fae000 	C:\Users\Truth\Downloads\eclipse-jee-2023-03-R-win32-x86_64\eclipse\plugins\org.eclipse.justj.openjdk.hotspot.jre.full.win32.x86_64_17.0.6.v20230204-1729\jre\bin\sunmscapi.dll
0x00007fffce650000 - 0x00007fffce7b7000 	C:\WINDOWS\System32\CRYPT32.dll
0x00007fffcdf60000 - 0x00007fffcdf8e000 	C:\WINDOWS\SYSTEM32\ncrypt.dll
0x00007fffcdf20000 - 0x00007fffcdf57000 	C:\WINDOWS\SYSTEM32\NTASN1.dll
0x00007fffbeb80000 - 0x00007fffbeb88000 	C:\WINDOWS\system32\wshunix.dll

dbghelp: loaded successfully - version: 4.0.5 - missing functions: none
symbol engine: initialized successfully - sym options: 0x614 - pdb path: .;C:\Users\Truth\Downloads\eclipse-jee-2023-03-R-win32-x86_64\eclipse\plugins\org.eclipse.justj.openjdk.hotspot.jre.full.win32.x86_64_17.0.6.v20230204-1729\jre\bin;C:\WINDOWS\SYSTEM32;C:\WINDOWS\WinSxS\amd64_microsoft.windows.common-controls_6595b64144ccf1df_6.0.22621.2070_none_2713e6537381f706;C:\Users\Truth\Downloads\eclipse-jee-2023-03-R-win32-x86_64\eclipse\plugins\org.eclipse.justj.openjdk.hotspot.jre.full.win32.x86_64_17.0.6.v20230204-1729\jre\bin\server

VM Arguments:
jvm_args: -Dfile.encoding=UTF-8 -XX:+ShowCodeDetailsInExceptionMessages 
java_command: cespringwithangular.cespringwithangular.CespringwithangularApplication
java_class_path (initial): C:\Users\Truth\eclipse-workspace\cespringwithangular\target\classes;C:\Users\Truth\.m2\repository\org\springframework\boot\spring-boot-starter-web\3.0.10-SNAPSHOT\spring-boot-starter-web-3.0.10-SNAPSHOT.jar;C:\Users\Truth\.m2\repository\org\springframework\boot\spring-boot-starter\3.0.10-SNAPSHOT\spring-boot-starter-3.0.10-SNAPSHOT.jar;C:\Users\Truth\.m2\repository\org\springframework\boot\spring-boot-starter-logging\3.0.10-SNAPSHOT\spring-boot-starter-logging-3.0.10-SNAPSHOT.jar;C:\Users\Truth\.m2\repository\ch\qos\logback\logback-classic\1.4.11\logback-classic-1.4.11.jar;C:\Users\Truth\.m2\repository\ch\qos\logback\logback-core\1.4.11\logback-core-1.4.11.jar;C:\Users\Truth\.m2\repository\org\apache\logging\log4j\log4j-to-slf4j\2.19.0\log4j-to-slf4j-2.19.0.jar;C:\Users\Truth\.m2\repository\org\apache\logging\log4j\log4j-api\2.19.0\log4j-api-2.19.0.jar;C:\Users\Truth\.m2\repository\org\slf4j\jul-to-slf4j\2.0.7\jul-to-slf4j-2.0.7.jar;C:\Users\Truth\.m2\repository\jakarta\annotation\jakarta.annotation-api\2.1.1\jakarta.annotation-api-2.1.1.jar;C:\Users\Truth\.m2\repository\org\yaml\snakeyaml\1.33\snakeyaml-1.33.jar;C:\Users\Truth\.m2\repository\org\springframework\boot\spring-boot-starter-json\3.0.10-SNAPSHOT\spring-boot-starter-json-3.0.10-SNAPSHOT.jar;C:\Users\Truth\.m2\repository\com\fasterxml\jackson\core\jackson-databind\2.14.3\jackson-databind-2.14.3.jar;C:\Users\Truth\.m2\repository\com\fasterxml\jackson\core\jackson-annotations\2.14.3\jackson-annotations-2.14.3.jar;C:\Users\Truth\.m2\repository\com\fasterxml\jackson\core\jackson-core\2.14.3\jackson-core-2.14.3.jar;C:\Users\Truth\.m2\repository\com\fasterxml\jackson\datatype\jackson-datatype-jdk8\2.14.3\jackson-datatype-jdk8-2.14.3.jar;C:\Users\Truth\.m2\repository\com\fasterxml\jackson\datatype\jackson-datatype-jsr310\2.14.3\jackson-datatype-jsr310-2.14.3.jar;C:\Users\Truth\.m2\repository\com\fasterxml\jackson\module\jackson-module-parameter-names\2.14.3\jackson-module-parameter-na
Launcher Type: SUN_STANDARD

[Global flags]
     intx CICompilerCount                          = 12                                        {product} {ergonomic}
     uint ConcGCThreads                            = 3                                         {product} {ergonomic}
     uint G1ConcRefinementThreads                  = 13                                        {product} {ergonomic}
   size_t G1HeapRegionSize                         = 2097152                                   {product} {ergonomic}
    uintx GCDrainStackTargetSize                   = 64                                        {product} {ergonomic}
   size_t InitialHeapSize                          = 232783872                                 {product} {ergonomic}
   size_t MarkStackSize                            = 4194304                                   {product} {ergonomic}
   size_t MaxHeapSize                              = 3720347648                                {product} {ergonomic}
   size_t MaxNewSize                               = 2231369728                                {product} {ergonomic}
   size_t MinHeapDeltaBytes                        = 2097152                                   {product} {ergonomic}
   size_t MinHeapSize                              = 8388608                                   {product} {ergonomic}
    uintx NonNMethodCodeHeapSize                   = 7602480                                {pd product} {ergonomic}
    uintx NonProfiledCodeHeapSize                  = 122027880                              {pd product} {ergonomic}
    uintx ProfiledCodeHeapSize                     = 122027880                              {pd product} {ergonomic}
    uintx ReservedCodeCacheSize                    = 251658240                              {pd product} {ergonomic}
     bool SegmentedCodeCache                       = true                                      {product} {ergonomic}
     bool ShowCodeDetailsInExceptionMessages       = true                                   {manageable} {command line}
   size_t SoftMaxHeapSize                          = 3720347648                             {manageable} {ergonomic}
     bool UseCompressedClassPointers               = true                           {product lp64_product} {ergonomic}
     bool UseCompressedOops                        = true                           {product lp64_product} {ergonomic}
     bool UseG1GC                                  = true                                      {product} {ergonomic}
     bool UseLargePagesIndividualAllocation        = false                                  {pd product} {ergonomic}

Logging:
Log output configuration:
 #0: stdout all=warning uptime,level,tags
 #1: stderr all=off uptime,level,tags

Environment Variables:
PATH=C:/Users/Truth/Downloads/eclipse-jee-2023-03-R-win32-x86_64/eclipse//plugins/org.eclipse.justj.openjdk.hotspot.jre.full.win32.x86_64_17.0.6.v20230204-1729/jre/bin/server;C:/Users/Truth/Downloads/eclipse-jee-2023-03-R-win32-x86_64/eclipse//plugins/org.eclipse.justj.openjdk.hotspot.jre.full.win32.x86_64_17.0.6.v20230204-1729/jre/bin;C:\WINDOWS\system32;C:\WINDOWS;C:\WINDOWS\System32\Wbem;C:\WINDOWS\System32\WindowsPowerShell\v1.0\;C:\WINDOWS\System32\OpenSSH\;C:\Program Files (x86)\NVIDIA Corporation\PhysX\Common;C:\Program Files\NVIDIA Corporation\NVIDIA NvDLISR;C:\WINDOWS\system32;C:\WINDOWS;C:\WINDOWS\System32\Wbem;C:\WINDOWS\System32\WindowsPowerShell\v1.0\;C:\WINDOWS\System32\OpenSSH\;C:\Program Files\gs\gs10.00.0\bin;C:\Program Files\nodejs\;C:\Program Files\Git\cmd;C:\Program Files\Docker\Docker\resources\bin;C:\Program Files\MySQL\MySQL Shell 8.0\bin\;C:\Users\Truth\AppData\Local\Programs\MiKTeX\miktex\bin\x64\;C:\texlive\2022\bin\win32;C:\Users\Truth\AppData\Local\Microsoft\WindowsApps;C:\Users\Truth\AppData\Local\Programs\Microsoft VS Code\bin;C:\Program Files\gs\gs10.00.0\bin;C:\Program Files\gs\gs10.00.0\lib;C:\Users\Truth\AppData\Local\GitHubDesktop\bin;C:\Users\Truth\AppData\Roaming\npm;C:\Users\Truth\Downloads\eclipse-jee-2023-03-R-win32-x86_64\eclipse;
USERNAME=Truth
OS=Windows_NT
PROCESSOR_IDENTIFIER=AMD64 Family 25 Model 80 Stepping 0, AuthenticAMD
TMP=C:\Users\Truth\AppData\Local\Temp
TEMP=C:\Users\Truth\AppData\Local\Temp



---------------  S Y S T E M  ---------------

OS:
 Windows 11 , 64 bit Build 22621 (10.0.22621.2070)
OS uptime: 6 days 3:14 hours
Hyper-V role detected

CPU: total 16 (initial active 16) (16 cores per cpu, 2 threads per core) family 25 model 80 stepping 0 microcode 0x0, cx8, cmov, fxsr, ht, mmx, 3dnowpref, sse, sse2, sse3, ssse3, sse4a, sse4.1, sse4.2, popcnt, lzcnt, tsc, tscinvbit, avx, avx2, aes, erms, clmul, bmi1, bmi2, adx, sha, fma, vzeroupper, clflush, clflushopt, hv

Memory: 4k page, system-wide physical 14188M (1627M free)
TotalPageFile size 57196M (AvailPageFile size 2M)
current process WorkingSet (physical memory assigned to process): 97M, peak: 282M
current process commit charge ("private bytes"): 205M, peak: 356M

vm_info: OpenJDK 64-Bit Server VM (17.0.6+10) for windows-amd64 JRE (17.0.6+10), built on Jan 18 2023 10:08:59 by "temurin" with MS VC++ 16.7 (VS2019)

END.
